<?xml version="1.0" encoding="UTF-8"?>
<!-- Generated by org.testng.reporters.JUnitXMLReporter -->
<testsuite ignored="4" hostname="paramdeep-QA" failures="0" tests="1" name="Default test" time="108.939" errors="0" timestamp="27 Oct 2021 19:45:37 GMT">
  <testcase classname="com.qa.testcase.ConnectionAddressTest" name="validateEmptyValidationMessageConnectionAddressPageTest" time="44.264"/>
  <testcase classname="com.qa.testcase.ConnectionAddressTest" name="validateBillingdeliveryAddressTest" time="0.0">
    <ignored/>
  </testcase> <!-- validateBillingdeliveryAddressTest -->
  <testcase classname="com.qa.testcase.ConnectionAddressTest" name="validateConnectionDeliverDateTest" time="0.0">
    <ignored/>
  </testcase> <!-- validateConnectionDeliverDateTest -->
  <testcase classname="com.qa.testcase.ConnectionAddressTest" name="validateConnectionDetailsSectionTest" time="0.0">
    <ignored/>
  </testcase> <!-- validateConnectionDetailsSectionTest -->
  <testcase classname="com.qa.testcase.ConnectionAddressTest" name="validateAllSectionConnectionAddressPageTest" time="0.0">
    <ignored/>
  </testcase> <!-- validateAllSectionConnectionAddressPageTest -->
</testsuite> <!-- Default test -->
