<?xml version="1.0" encoding="UTF-8"?>
<!-- Generated by org.testng.reporters.JUnitXMLReporter -->
<testsuite ignored="17" hostname="paramdeep-QA" failures="0" tests="13" name="TestNg" time="621.097" errors="0" timestamp="01 Nov 2021 18:24:56 GMT">
  <testcase classname="com.qa.testcase.HomePageTest" name="valdateValidationMessagesManualAddressTest" time="2.177"/>
  <testcase classname="com.qa.testcase.HomePageTest" name="validateEmptyAddressTest" time="0.343"/>
  <testcase classname="com.qa.testcase.HomePageTest" name="validateWrongAddressTest" time="8.167"/>
  <testcase classname="com.qa.testcase.PopUpPageTest" name="validateCredentialsTest" time="7.834"/>
  <testcase classname="com.qa.testcase.PopUpPageTest" name="validateValidationsTest" time="6.901"/>
  <testcase classname="com.qa.testcase.PopUpPageTest" name="validateWrongCredentialsTest" time="9.756"/>
  <testcase classname="com.qa.testcase.HomePageTest" name="validateEnterAddressTest" time="6.996"/>
  <testcase classname="com.qa.testcase.AddressDetailsTest" name="validateNextButtonTest" time="8.775"/>
  <testcase classname="com.qa.testcase.PopUpPageTest" name="validateCheckPlanTest" time="15.701"/>
  <testcase classname="com.qa.testcase.AddOnPageTest" name="validateFullJourneyTest" time="6.498"/>
  <testcase classname="com.qa.testcase.BasicInfoPageTest" name="validateAllSectionTest" time="10.822"/>
  <testcase classname="com.qa.testcase.OtpTest" name="validateOTPTest" time="12.437"/>
  <testcase classname="com.qa.testcase.SaleCreatedTest" name="validateYourDetailsTest" time="3.345"/>
  <testcase classname="com.qa.testcase.HomePageTest" name="validatehomePageImageTest" time="0.0">
    <ignored/>
  </testcase> <!-- validatehomePageImageTest -->
  <testcase classname="com.qa.testcase.BasicInfoPageTest" name="validateconnectionDetailsSectionTest" time="0.0">
    <ignored/>
  </testcase> <!-- validateconnectionDetailsSectionTest -->
  <testcase classname="com.qa.testcase.BasicInfoPageTest" name="validateYourDetailsSectionTest" time="0.0">
    <ignored/>
  </testcase> <!-- validateYourDetailsSectionTest -->
  <testcase classname="com.qa.testcase.BasicInfoPageTest" name="validateAddOntitleTest" time="0.0">
    <ignored/>
  </testcase> <!-- validateAddOntitleTest -->
  <testcase classname="com.qa.testcase.BasicInfoPageTest" name="validateIdentificationDetailsSectionTest" time="0.0">
    <ignored/>
  </testcase> <!-- validateIdentificationDetailsSectionTest -->
  <testcase classname="com.qa.testcase.HomePageTest" name="validateNavBarTest" time="0.0">
    <ignored/>
  </testcase> <!-- validateNavBarTest -->
  <testcase classname="com.qa.testcase.AddressDetailsTest" name="validateSpecialNoteTest" time="0.0">
    <ignored/>
  </testcase> <!-- validateSpecialNoteTest -->
  <testcase classname="com.qa.testcase.AddressDetailsTest" name="validateSelectDateTest" time="0.0">
    <ignored/>
  </testcase> <!-- validateSelectDateTest -->
  <testcase classname="com.qa.testcase.HomePageTest" name="validatehomeLOGOTest" time="0.0">
    <ignored/>
  </testcase> <!-- validatehomeLOGOTest -->
  <testcase classname="com.qa.testcase.PopUpPageTest" name="validateTopBarFeaturesTest" time="0.0">
    <ignored/>
  </testcase> <!-- validateTopBarFeaturesTest -->
  <testcase classname="com.qa.testcase.HomePageTest" name="validateBeowh1HeadingTest" time="0.0">
    <ignored/>
  </testcase> <!-- validateBeowh1HeadingTest -->
  <testcase classname="com.qa.testcase.BasicInfoPageTest" name="validateErrorMessagesTest" time="0.0">
    <ignored/>
  </testcase> <!-- validateErrorMessagesTest -->
  <testcase classname="com.qa.testcase.HomePageTest" name="validateh1HeadingTest" time="0.0">
    <ignored/>
  </testcase> <!-- validateh1HeadingTest -->
  <testcase classname="com.qa.testcase.AddOnPageTest" name="validateAddOntitleTest" time="0.0">
    <ignored/>
  </testcase> <!-- validateAddOntitleTest -->
  <testcase classname="com.qa.testcase.HomePageTest" name="validateHomePageTitleTest" time="0.0">
    <ignored/>
  </testcase> <!-- validateHomePageTitleTest -->
  <testcase classname="com.qa.testcase.AddressDetailsTest" name="validateRibbonTest" time="0.0">
    <ignored/>
  </testcase> <!-- validateRibbonTest -->
  <testcase classname="com.qa.testcase.BasicInfoPageTest" name="validatevalidationmessagesTest" time="0.0">
    <ignored/>
  </testcase> <!-- validatevalidationmessagesTest -->
</testsuite> <!-- TestNg -->
