<?xml version="1.0" encoding="UTF-8"?>
<testng-results ignored="3" total="4" passed="1" failed="0" skipped="0">
  <reporter-output>
  </reporter-output>
  <suite started-at="2021-08-29T17:49:32Z" name="Default suite" finished-at="2021-08-29T17:52:20Z" duration-ms="167939">
    <groups>
    </groups>
    <test started-at="2021-08-29T17:49:32Z" name="Default test" finished-at="2021-08-29T17:52:20Z" duration-ms="167939">
      <class name="com.qa.testcase.ConnectionAddressTest">
        <test-method is-config="true" signature="setup()[pri:0, instance:com.qa.testcase.ConnectionAddressTest@1b8a29df]" started-at="2021-08-29T17:49:33Z" name="setup" finished-at="2021-08-29T17:50:46Z" duration-ms="73911" status="PASS">
          <reporter-output>
          </reporter-output>
        </test-method> <!-- setup -->
        <test-method signature="validateEmptyValidationMessageConnectionAddressPageTest()[pri:1, instance:com.qa.testcase.ConnectionAddressTest@1b8a29df]" started-at="2021-08-29T17:50:46Z" name="validateEmptyValidationMessageConnectionAddressPageTest" finished-at="2021-08-29T17:52:19Z" duration-ms="92238" status="PASS">
          <reporter-output>
          </reporter-output>
        </test-method> <!-- validateEmptyValidationMessageConnectionAddressPageTest -->
        <test-method is-config="true" signature="tearDown()[pri:0, instance:com.qa.testcase.ConnectionAddressTest@1b8a29df]" started-at="2021-08-29T17:52:19Z" name="tearDown" finished-at="2021-08-29T17:52:20Z" duration-ms="1669" status="PASS">
          <reporter-output>
          </reporter-output>
        </test-method> <!-- tearDown -->
      </class> <!-- com.qa.testcase.ConnectionAddressTest -->
    </test> <!-- Default test -->
  </suite> <!-- Default suite -->
</testng-results>
