<?xml version="1.0" encoding="UTF-8"?>
<testng-results ignored="3" total="4" passed="1" failed="0" skipped="0">
  <reporter-output>
  </reporter-output>
  <suite started-at="2021-08-29T19:31:01Z" name="Default suite" finished-at="2021-08-29T19:32:13Z" duration-ms="71862">
    <groups>
    </groups>
    <test started-at="2021-08-29T19:31:01Z" name="Default test" finished-at="2021-08-29T19:32:13Z" duration-ms="71862">
      <class name="com.qa.testcase.ConnectionAddressTest">
        <test-method is-config="true" signature="setup()[pri:0, instance:com.qa.testcase.ConnectionAddressTest@1b8a29df]" started-at="2021-08-29T19:31:01Z" name="setup" finished-at="2021-08-29T19:31:53Z" duration-ms="52497" status="PASS">
          <reporter-output>
          </reporter-output>
        </test-method> <!-- setup -->
        <test-method signature="validateEmptyValidationMessageConnectionAddressPageTest()[pri:1, instance:com.qa.testcase.ConnectionAddressTest@1b8a29df]" started-at="2021-08-29T19:31:53Z" name="validateEmptyValidationMessageConnectionAddressPageTest" finished-at="2021-08-29T19:32:12Z" duration-ms="18302" status="PASS">
          <reporter-output>
          </reporter-output>
        </test-method> <!-- validateEmptyValidationMessageConnectionAddressPageTest -->
        <test-method is-config="true" signature="tearDown()[pri:0, instance:com.qa.testcase.ConnectionAddressTest@1b8a29df]" started-at="2021-08-29T19:32:12Z" name="tearDown" finished-at="2021-08-29T19:32:13Z" duration-ms="1004" status="PASS">
          <reporter-output>
          </reporter-output>
        </test-method> <!-- tearDown -->
      </class> <!-- com.qa.testcase.ConnectionAddressTest -->
    </test> <!-- Default test -->
  </suite> <!-- Default suite -->
</testng-results>
